13:19:14 **** Incremental Build of configuration Debug for project copy_file.c ****
make all 
make: Nothing to be done for `all'.
13:23:20 **** Build of configuration Debug for project copy_file.c ****
make all 
Building file: ../src/copy_file.c.c
Invoking: GCC C Compiler
gcc -O0 -g3 -Wall -c -fmessage-length=0 -MMD -MP -MF"src/copy_file.c.d" -MT"src/copy_file.c.o" -o "src/copy_file.c.o" "../src/copy_file.c.c"
Finished building: ../src/copy_file.c.c
 
Building target: copy_file.c
Invoking: MacOS X C Linker
gcc  -o "copy_file.c"  ./src/copy_file.c.o   
Finished building target: copy_file.c
 
13:23:54 **** Incremental Build of configuration Debug for project copy_file.c ****
make all 
make: Nothing to be done for `all'.
13:24:05 **** Incremental Build of configuration Debug for project copy_file.c ****
make all 
Building file: ../src/copy_file.c.c
Invoking: GCC C Compiler
gcc -O0 -g3 -Wall -c -fmessage-length=0 -MMD -MP -MF"src/copy_file.c.d" -MT"src/copy_file.c.o" -o "src/copy_file.c.o" "../src/copy_file.c.c"
Finished building: ../src/copy_file.c.c
 
Building target: copy_file.c
Invoking: MacOS X C Linker
gcc  -o "copy_file.c"  ./src/copy_file.c.o   
Finished building target: copy_file.c
 
13:26:45 **** Build of configuration Debug for project copy_file ****
make all 
Building target: copy_file
Invoking: MacOS X C Linker
gcc  -o "copy_file"  ./src/copy_file.c.o   
Finished building target: copy_file
 
13:26:45 **** Incremental Build of configuration Debug for project linked_list ****
make all 
make: Nothing to be done for `all'.
13:26:49 **** Incremental Build of configuration Debug for project copy_file ****
make all 
make: Nothing to be done for `all'.
13:28:11 **** Build of configuration Debug for project copy_file ****
make all 
Building file: ../src/copy_file.c
Invoking: Cross GCC Compiler
gcc -O0 -g3 -Wall -c -fmessage-length=0 -MMD -MP -MF"src/copy_file.d" -MT"src/copy_file.o" -o "src/copy_file.o" "../src/copy_file.c"
Finished building: ../src/copy_file.c
 
Building target: copy_file
Invoking: Cross GCC Linker
gcc  -o "copy_file"  ./src/copy_file.o   
Finished building target: copy_file
 
13:28:11 **** Incremental Build of configuration Debug for project linked_list ****
make all 
make: Nothing to be done for `all'.
13:28:13 **** Incremental Build of configuration Debug for project copy_file ****
make all 
make: Nothing to be done for `all'.
13:42:59 **** Incremental Build of configuration Debug for project copy_file ****
make all 
Building file: ../src/copy_file.c
Invoking: Cross GCC Compiler
gcc -O0 -g3 -Wall -c -fmessage-length=0 -MMD -MP -MF"src/copy_file.d" -MT"src/copy_file.o" -o "src/copy_file.o" "../src/copy_file.c"
Finished building: ../src/copy_file.c
 
Building target: copy_file
Invoking: Cross GCC Linker
gcc  -o "copy_file"  ./src/copy_file.o   
Finished building target: copy_file
 
13:42:59 **** Incremental Build of configuration Debug for project linked_list ****
make all 
make: Nothing to be done for `all'.
13:45:21 **** Incremental Build of configuration Debug for project copy_file ****
make all 
make: Nothing to be done for `all'.
13:45:21 **** Incremental Build of configuration Debug for project linked_list ****
make all 
make: Nothing to be done for `all'.
13:45:25 **** Incremental Build of configuration Debug for project copy_file ****
make all 
make: Nothing to be done for `all'.
13:45:45 **** Incremental Build of configuration Debug for project copy_file ****
make all 
make: Nothing to be done for `all'.
13:45:59 **** Incremental Build of configuration Debug for project copy_file ****
make all 
make: Nothing to be done for `all'.
13:46:08 **** Incremental Build of configuration Debug for project copy_file ****
make all 
make: Nothing to be done for `all'.
13:46:08 **** Incremental Build of configuration Debug for project linked_list ****
make all 
make: Nothing to be done for `all'.
13:46:14 **** Incremental Build of configuration Debug for project copy_file ****
make all 
make: Nothing to be done for `all'.
13:46:55 **** Incremental Build of configuration Debug for project copy_file ****
make all 
make: Nothing to be done for `all'.
14:09:46 **** Incremental Build of configuration Debug for project copy_file ****
make all 
Building file: ../src/copy_file.c
Invoking: Cross GCC Compiler
gcc -O0 -g3 -Wall -c -fmessage-length=0 -MMD -MP -MF"src/copy_file.d" -MT"src/copy_file.o" -o "src/copy_file.o" "../src/copy_file.c"
Finished building: ../src/copy_file.c
 
Building target: copy_file
Invoking: Cross GCC Linker
gcc  -o "copy_file"  ./src/copy_file.o   
Finished building target: copy_file
 
14:09:46 **** Incremental Build of configuration Debug for project linked_list ****
make all 
make: Nothing to be done for `all'.
14:09:48 **** Incremental Build of configuration Debug for project copy_file ****
make all 
make: Nothing to be done for `all'.
14:10:20 **** Incremental Build of configuration Debug for project copy_file ****
make all 
Building file: ../src/copy_file.c
Invoking: Cross GCC Compiler
gcc -O0 -g3 -Wall -c -fmessage-length=0 -MMD -MP -MF"src/copy_file.d" -MT"src/copy_file.o" -o "src/copy_file.o" "../src/copy_file.c"
Finished building: ../src/copy_file.c
 
Building target: copy_file
Invoking: Cross GCC Linker
gcc  -o "copy_file"  ./src/copy_file.o   
Finished building target: copy_file
 
14:10:20 **** Incremental Build of configuration Debug for project linked_list ****
make all 
make: Nothing to be done for `all'.
14:10:22 **** Incremental Build of configuration Debug for project copy_file ****
make all 
make: Nothing to be done for `all'.
14:10:51 **** Incremental Build of configuration Debug for project copy_file ****
make all 
Building file: ../src/copy_file.c
Invoking: Cross GCC Compiler
gcc -O0 -g3 -Wall -c -fmessage-length=0 -MMD -MP -MF"src/copy_file.d" -MT"src/copy_file.o" -o "src/copy_file.o" "../src/copy_file.c"
Finished building: ../src/copy_file.c
 
Building target: copy_file
Invoking: Cross GCC Linker
gcc  -o "copy_file"  ./src/copy_file.o   
Finished building target: copy_file
 
14:10:57 **** Incremental Build of configuration Debug for project copy_file ****
make all 
make: Nothing to be done for `all'.
14:11:05 **** Incremental Build of configuration Debug for project copy_file ****
make all 
make: Nothing to be done for `all'.
14:11:08 **** Incremental Build of configuration Debug for project copy_file ****
make all 
Building file: ../src/copy_file.c
Invoking: Cross GCC Compiler
gcc -O0 -g3 -Wall -c -fmessage-length=0 -MMD -MP -MF"src/copy_file.d" -MT"src/copy_file.o" -o "src/copy_file.o" "../src/copy_file.c"
Finished building: ../src/copy_file.c
 
Building target: copy_file
Invoking: Cross GCC Linker
gcc  -o "copy_file"  ./src/copy_file.o   
Finished building target: copy_file
 
14:11:08 **** Incremental Build of configuration Debug for project linked_list ****
make all 
make: Nothing to be done for `all'.
14:11:11 **** Incremental Build of configuration Debug for project copy_file ****
make all 
make: Nothing to be done for `all'.
14:11:59 **** Incremental Build of configuration Debug for project copy_file ****
make all 
Building file: ../src/copy_file.c
Invoking: Cross GCC Compiler
gcc -O0 -g3 -Wall -c -fmessage-length=0 -MMD -MP -MF"src/copy_file.d" -MT"src/copy_file.o" -o "src/copy_file.o" "../src/copy_file.c"
Finished building: ../src/copy_file.c
 
Building target: copy_file
Invoking: Cross GCC Linker
gcc  -o "copy_file"  ./src/copy_file.o   
Finished building target: copy_file
 
14:11:59 **** Incremental Build of configuration Debug for project linked_list ****
make all 
make: Nothing to be done for `all'.
14:12:02 **** Incremental Build of configuration Debug for project copy_file ****
make all 
make: Nothing to be done for `all'.
14:12:39 **** Incremental Build of configuration Debug for project copy_file ****
make all 
make: Nothing to be done for `all'.
